<?xml version="1.0" encoding="UTF-8"?>
<!-- Generated by org.testng.reporters.JUnitReportReporter -->
<testsuite hostname="DESKTOP-14S2SR6" failures="0" tests="1" name="com.nocommercedemo.Testcases.CheckoutPaymentmethodPageTest" time="44.448" errors="0" timestamp="2024-07-12T15:34:29 IST" skipped="0">
  <testcase classname="com.nocommercedemo.Testcases.CheckoutPaymentmethodPageTest" name="verifypaymentmethodpage" time="44.448"/>
  <system-out/>
</testsuite> <!-- com.nocommercedemo.Testcases.CheckoutPaymentmethodPageTest -->
