<?xml version="1.0" encoding="UTF-8"?>
<!-- Generated by org.testng.reporters.JUnitReportReporter -->
<testsuite hostname="DESKTOP-14S2SR6" failures="0" tests="2" name="com.nocommercedemo.Testcases.ComputerPageTest" time="21.335" errors="0" timestamp="2024-07-12T15:34:29 IST" skipped="0">
  <testcase classname="com.nocommercedemo.Testcases.ComputerPageTest" name="computerpageTitle" time="5.689"/>
  <system-out/>
  <testcase classname="com.nocommercedemo.Testcases.ComputerPageTest" name="computeritems" time="15.646"/>
  <system-out/>
</testsuite> <!-- com.nocommercedemo.Testcases.ComputerPageTest -->
