<?xml version="1.0" encoding="UTF-8"?>
<!-- Generated by org.testng.reporters.JUnitReportReporter -->
<testsuite hostname="DESKTOP-14S2SR6" failures="0" tests="2" name="com.nocommercedemo.Testcases.LoginPageTest" time="13.425" errors="0" timestamp="2024-07-12T15:34:29 IST" skipped="0">
  <testcase classname="com.nocommercedemo.Testcases.LoginPageTest" name="logintitlepage" time="5.028"/>
  <system-out/>
  <testcase classname="com.nocommercedemo.Testcases.LoginPageTest" name="loginpage" time="8.397"/>
  <system-out/>
</testsuite> <!-- com.nocommercedemo.Testcases.LoginPageTest -->
