<?xml version="1.0" encoding="UTF-8"?>
<!-- Generated by org.testng.reporters.JUnitReportReporter -->
<testsuite hostname="DESKTOP-14S2SR6" failures="0" tests="2" name="com.nocommercedemo.Testcases.WishlistPageTest" time="29.239" errors="0" timestamp="2024-07-12T15:34:29 IST" skipped="0">
  <testcase classname="com.nocommercedemo.Testcases.WishlistPageTest" name="wishlisttable" time="20.620"/>
  <system-out/>
  <testcase classname="com.nocommercedemo.Testcases.WishlistPageTest" name="wishlistpagepageTitle" time="8.619"/>
  <system-out/>
</testsuite> <!-- com.nocommercedemo.Testcases.WishlistPageTest -->
