<?xml version="1.0" encoding="UTF-8"?>
<!-- Generated by org.testng.reporters.JUnitReportReporter -->
<testsuite hostname="DESKTOP-14S2SR6" failures="0" tests="3" name="com.nocommercedemo.Testcases.RegisterPageTest" time="27.647" errors="0" timestamp="2024-07-12T15:34:29 IST" skipped="0">
  <testcase classname="com.nocommercedemo.Testcases.RegisterPageTest" name="Registertitlepage" time="5.773"/>
  <system-out/>
  <testcase classname="com.nocommercedemo.Testcases.RegisterPageTest" name="createAccountTest" time="13.065"/>
  <system-out/>
  <testcase classname="com.nocommercedemo.Testcases.RegisterPageTest" name="createAccountTest" time="8.809"/>
  <system-out/>
</testsuite> <!-- com.nocommercedemo.Testcases.RegisterPageTest -->
